     1                                 %line 1+1 print.asm
     2                                 [section .data]
     3 00000000 BB0D0000                num dd 3515
     4 00000004 04                      numLen db 4
     5                                 
     6                                 [section .bss]
     7 00000000 <gap>                   numString resb 4
     8                                 
     9                                 [section .text]
    10                                 [global _start]
    11                                 
    12                                 _start:
    13 00000000 8B0425[00000000]        mov eax, dword [num]
    14 00000007 8A1C25[00000000]        mov bl, byte [numLen]
    15 0000000E 53                      push rbx
    16 0000000F 50                      push rax
    17                                 
    18                                 _intToStr:
    19 00000010 58                      pop rax
    20 00000011 5B                      pop rbx
    21 00000012 B90A000000              mov ecx, 10
    22 00000017 4831D2                  xor rdx, rdx
    23                                 
    24                                 _intToStrLoop:
    25 0000001A 48F7F1                  div rcx
    26 0000001D 52                      push rdx
    27 0000001E 4831D2                  xor rdx, rdx
    28 00000021 4883F800                cmp rax, 0
    29 00000025 75F1                    jne _intToStrLoop
    30 00000027 4831C9                  xor rcx, rcx
    31                                 
    32                                 _stackToStrLoop:
    33 0000002A 58                      pop rax
    34 0000002B 4883C030                add rax, 0x30
    35 0000002F 8881[00000000]          mov byte [numString + rcx], al
    36 00000035 48FFC1                  inc rcx
    37 00000038 4839D9                  cmp rcx, rbx
    38 0000003B 75EB                    jne _stackToStrLoop
    39 0000003D C681[00000000]0A        mov byte [numString + rcx], 10
    40                                 
    41                                 _printInteger:
    42 00000044 48C7C001000000          mov rax, 1
    43 0000004B 48C7C701000000          mov rdi, 1
    44 00000052 48C7C6[00000000]        mov rsi, numString
    45 00000059 8A1425[00000000]        mov dl, byte [numLen]
    46 00000060 FEC2                    inc dl
    47 00000062 0F05                    syscall
    48                                 
    49                                 _exit:
    50 00000064 48C7C03C000000          mov rax, 60
    51 0000006B 48C7C700000000          mov rdi, 0
    52 00000072 0F05                    syscall
