     1                                 %line 1+1 fib.asm
     2                                 [section .data]
     3 00000000 14                      fibNum db 20
     4 00000001 00000000                finRes dd 0
     5                                 
     6                                 [section .text]
     7                                 [global _start]
     8                                 
     9                                 _start:
    10 00000000 B801000000              mov eax, 1
    11 00000005 BB00000000              mov ebx, 0
    12 0000000A BA00000000              mov edx, 0
    13 0000000F 48C7C100000000          mov rcx, 0
    14                                 
    15 00000016 E812000000              call _fibLoop
    16                                 
    17 0000001B 891C25[00000000]        mov dword [finRes], ebx
    18                                 
    19 00000022 48C7C03C000000          mov rax, 60
    20 00000029 48C7C700000000          mov rdi, 0
    21 00000030 0F05                    syscall
    22                                 
    23                                 _fibLoop:
    24 00000032 89DA                    mov edx, ebx
    25 00000034 89C3                    mov ebx, eax
    26 00000036 01D0                    add eax, edx
    27                                 
    28 00000038 48FFC1                  inc rcx
    29 0000003B 3A0C25[00000000]        cmp cl, byte [fibNum]
    30 00000042 72EC                    jb _fibLoop
    31 00000044 C3                      ret
    32                                 
